{
  "RSpec": {
    "coverage": {
      "C:/test/opo/lab_1/lib/temperature.rb": {
        "lines": [
          1,
          1,
          null,
          1,
          16,
          16,
          16,
          null,
          null,
          1,
          16,
          4,
          4,
          4,
          4,
          null,
          null,
          null,
          1,
          4,
          1,
          1,
          2,
          null,
          null,
          null,
          1,
          4,
          1,
          1,
          2,
          null,
          null,
          null,
          1,
          4,
          1,
          1,
          2,
          null,
          null,
          null
        ]
      }
    },
    "timestamp": 1618423373
  }
}
